# JRE version: OpenJDK Runtime Environment JBR-11.0.14.1.1-2043.25-jcef (11.0.14.1+1) (build 11.0.14.1+1-b2043.25)
# Java VM: OpenJDK 64-Bit Server VM JBR-11.0.14.1.1-2043.25-jcef (11.0.14.1+1-b2043.25, mixed mode, tiered, compressed oops, g1 gc, windows-amd64)
Heap:
 garbage-first heap   total 131072K, used 37793K [0x00000000d1200000, 0x0000000100000000)
  region size 1024K, 33 young (33792K), 2 survivors (2048K)
 Metaspace       used 19120K, capacity 19888K, committed 20096K, reserved 1067008K
  class space    used 1825K, capacity 2092K, committed 2176K, reserved 1048576K
GC Heap History (12 events):
Event: 5.258 GC heap before
{Heap before GC invocations=0 (full 0):
 garbage-first heap   total 131072K, used 6144K [0x00000000d1200000, 0x0000000100000000)
  region size 1024K, 7 young (7168K), 0 survivors (0K)
 Metaspace       used 9420K, capacity 9797K, committed 10112K, reserved 1058816K
  class space    used 928K, capacity 1059K, committed 1152K, reserved 1048576K
}
Event: 5.356 GC heap after
{Heap after GC invocations=1 (full 0):
 garbage-first heap   total 131072K, used 2939K [0x00000000d1200000, 0x0000000100000000)
  region size 1024K, 1 young (1024K), 1 survivors (1024K)
 Metaspace       used 9420K, capacity 9797K, committed 10112K, reserved 1058816K
  class space    used 928K, capacity 1059K, committed 1152K, reserved 1048576K
}
Event: 5.831 GC heap before
{Heap before GC invocations=1 (full 0):
 garbage-first heap   total 131072K, used 8059K [0x00000000d1200000, 0x0000000100000000)
  region size 1024K, 6 young (6144K), 1 survivors (1024K)
 Metaspace       used 10634K, capacity 11174K, committed 11392K, reserved 1058816K
  class space    used 1095K, capacity 1305K, committed 1408K, reserved 1048576K
}
Event: 5.836 GC heap after
{Heap after GC invocations=2 (full 0):
 garbage-first heap   total 131072K, used 3005K [0x00000000d1200000, 0x0000000100000000)
  region size 1024K, 1 young (1024K), 1 survivors (1024K)
 Metaspace       used 10634K, capacity 11174K, committed 11392K, reserved 1058816K
  class space    used 1095K, capacity 1305K, committed 1408K, reserved 1048576K
}
Event: 9.593 GC heap before
{Heap before GC invocations=2 (full 0):
 garbage-first heap   total 131072K, used 22461K [0x00000000d1200000, 0x0000000100000000)
  region size 1024K, 21 young (21504K), 1 survivors (1024K)
 Metaspace       used 17178K, capacity 17799K, committed 17920K, reserved 1064960K
  class space    used 1721K, capacity 1951K, committed 2048K, reserved 1048576K
}
Event: 9.613 GC heap after
{Heap after GC invocations=3 (full 0):
 garbage-first heap   total 131072K, used 5939K [0x00000000d1200000, 0x0000000100000000)
  region size 1024K, 3 young (3072K), 3 survivors (3072K)
 Metaspace       used 17178K, capacity 17799K, committed 17920K, reserved 1064960K
  class space    used 1721K, capacity 1951K, committed 2048K, reserved 1048576K
}
Event: 75.281 GC heap before
{Heap before GC invocations=3 (full 0):
 garbage-first heap   total 131072K, used 29491K [0x00000000d1200000, 0x0000000100000000)
  region size 1024K, 26 young (26624K), 3 survivors (3072K)
 Metaspace       used 18179K, capacity 18846K, committed 18944K, reserved 1067008K
  class space    used 1791K, capacity 2032K, committed 2048K, reserved 1048576K
}
Event: 75.295 GC heap after
{Heap after GC invocations=4 (full 0):
 garbage-first heap   total 131072K, used 6634K [0x00000000d1200000, 0x0000000100000000)
  region size 1024K, 1 young (1024K), 1 survivors (1024K)
 Metaspace       used 18179K, capacity 18846K, committed 18944K, reserved 1067008K
  class space    used 1791K, capacity 2032K, committed 2048K, reserved 1048576K
}
Event: 2798.586 GC heap before
{Heap before GC invocations=4 (full 0):
 garbage-first heap   total 131072K, used 37354K [0x00000000d1200000, 0x0000000100000000)
  region size 1024K, 31 young (31744K), 1 survivors (1024K)
 Metaspace       used 18729K, capacity 19452K, committed 19584K, reserved 1067008K
  class space    used 1807K, capacity 2060K, committed 2176K, reserved 1048576K
}
Event: 2798.610 GC heap after
{Heap after GC invocations=5 (full 0):
 garbage-first heap   total 131072K, used 7047K [0x00000000d1200000, 0x0000000100000000)
  region size 1024K, 2 young (2048K), 2 survivors (2048K)
 Metaspace       used 18729K, capacity 19452K, committed 19584K, reserved 1067008K
  class space    used 1807K, capacity 2060K, committed 2176K, reserved 1048576K
}
Event: 4749.942 GC heap before
{Heap before GC invocations=5 (full 0):
 garbage-first heap   total 131072K, used 50055K [0x00000000d1200000, 0x0000000100000000)
  region size 1024K, 45 young (46080K), 2 survivors (2048K)
 Metaspace       used 19074K, capacity 19875K, committed 20096K, reserved 1067008K
  class space    used 1825K, capacity 2092K, committed 2176K, reserved 1048576K
}
Event: 4749.960 GC heap after
{Heap after GC invocations=6 (full 0):
 garbage-first heap   total 131072K, used 7073K [0x00000000d1200000, 0x0000000100000000)
  region size 1024K, 2 young (2048K), 2 survivors (2048K)
 Metaspace       used 19074K, capacity 19875K, committed 20096K, reserved 1067008K
  class space    used 1825K, capacity 2092K, committed 2176K, reserved 1048576K
}

